therion 5.5.0+e2caa7d (2020-05-01)
initialization file: /usr/local/etc/therion.ini
reading ... done
checking optional fonts csr10 csti10 csbx10 csss10 csssi10 ... OK
checking optional fonts cmcyr10 cmcti10 cmcbx10 cmcss10 cmcssi10 ... OK
configuration file: /Users/AchilleTalon/Documents/gamswandkar/main.thconfig
reading ... done
reading source files ... done
preprocessing database ... done
therion: warning -- unable to determine magnetic declination for undated surveys
output coordinate system: UTM33
meridian convergence (deg): 0.9749
geomag declinations (deg):
  2021.1.1  4.1376
  2022.1.1  4.2933
scanning centreline tree ... done
searching for centerline loops ... done
calculating station coordinates ... done
average loop error: 3.08%
processing survey data ... 
####################### cavern log file ########################
 1> Survex 1.2.36
 2> Copyright © 1990-2018 Olly Betts
 3> 
 4> Survey contains 2910 survey stations, joined by 2890 legs.
 5> There are 11 loops.
 6> Survey has 31 connected components.
 7> Total length of survey legs =  715.34m ( 715.34m adjusted)
 8> Total plan length of survey legs =  479.07m
 9> Total vertical length of survey legs =  438.19m
10> Vertical range = 344.01m (from 2904 at 1695.00m to 2779 at 1350.99m)
11> North-South range = 538.83m (from 1670 at 5294337.13m to 1372 at 5293798.29m)
12> East-West range = 285.51m (from 1450 at 401598.57m to 706 at 401313.06m)
13> 2795 1-nodes.
14>   13 2-nodes.
15>    1 3-node.
16>    3 9-nodes.
17>    1 10-node.
18>    2 11-nodes.
19>    4 12-nodes.
20>    3 13-nodes.
21>    2 14-nodes.
22>    3 15-nodes.
23>    2 16-nodes.
24>    2 17-nodes.
25>    4 20-nodes.
26>    1 21-node.
27>    7 22-nodes.
28>    2 23-nodes.
29>    7 24-nodes.
30>    1 25-node.
31>    1 26-node.
32>    4 27-nodes.
33>    3 28-nodes.
34>    2 29-nodes.
35>    3 30-nodes.
36>    3 31-nodes.
37>    4 32-nodes.
38>    5 33-nodes.
39>    3 34-nodes.
40>    1 35-node.
41>    5 36-nodes.
42>    3 38-nodes.
43>    5 39-nodes.
44>    1 41-node.
45>    2 42-nodes.
46>    1 43-node.
47>    2 44-nodes.
48>    2 46-nodes.
49>    1 48-node.
50>    1 49-node.
51>    1 54-node.
52>    1 61-node.
53>    1 72-node.
54>    1 82-node.
55>    1 85-node.
56> 
######################### transcription ########################
 4> 2910 : .@cave_21.gamswandkar -- 2890 : .@gamswandschacht.gamswandkar
 5> 11 : .@gamswandkluft.gamswandkar
 6> 31 : .@gamswandkluft.gamswandkar
10> 2904 : .@cave_16.gamswandkar -- 2779 : .@gamswandschacht.gamswandkar
11> 1670 : .@abflussrohr.gamswandkar -- 1372 : .@halbmond_schacht.gamswandkar
12> 1450 : .@halbmond_schacht.gamswandkar -- 706 : .@hraeswelgr.gamswandkar
13> 2795 : .@gamswandschacht.gamswandkar
14> 13 : .@gamswandkluft.gamswandkar
15> 1 : 0@gamswandkluft.gamswandkar
16> 3 : .@gamswandkluft.gamswandkar
17> 1 : 0@gamswandkluft.gamswandkar
18> 2 : .@gamswandkluft.gamswandkar
19> 4 : .@gamswandkluft.gamswandkar
20> 3 : .@gamswandkluft.gamswandkar
21> 2 : .@gamswandkluft.gamswandkar
22> 3 : .@gamswandkluft.gamswandkar
23> 2 : .@gamswandkluft.gamswandkar
24> 2 : .@gamswandkluft.gamswandkar
25> 4 : .@gamswandkluft.gamswandkar
26> 1 : 0@gamswandkluft.gamswandkar
27> 7 : .@gamswandkluft.gamswandkar
28> 2 : .@gamswandkluft.gamswandkar
29> 7 : .@gamswandkluft.gamswandkar
30> 1 : 0@gamswandkluft.gamswandkar
31> 1 : 0@gamswandkluft.gamswandkar
32> 4 : .@gamswandkluft.gamswandkar
33> 3 : .@gamswandkluft.gamswandkar
34> 2 : .@gamswandkluft.gamswandkar
35> 3 : .@gamswandkluft.gamswandkar
36> 3 : .@gamswandkluft.gamswandkar
37> 4 : .@gamswandkluft.gamswandkar
38> 5 : .@gamswandkluft.gamswandkar
39> 3 : .@gamswandkluft.gamswandkar
40> 1 : 0@gamswandkluft.gamswandkar
41> 5 : .@gamswandkluft.gamswandkar
42> 3 : .@gamswandkluft.gamswandkar
43> 5 : .@gamswandkluft.gamswandkar
44> 1 : 0@gamswandkluft.gamswandkar
45> 2 : .@gamswandkluft.gamswandkar
46> 1 : 0@gamswandkluft.gamswandkar
47> 2 : .@gamswandkluft.gamswandkar
48> 2 : .@gamswandkluft.gamswandkar
49> 1 : 0@gamswandkluft.gamswandkar
50> 1 : 0@gamswandkluft.gamswandkar
51> 1 : 0@gamswandkluft.gamswandkar
52> 1 : 0@gamswandkluft.gamswandkar
53> 1 : 0@gamswandkluft.gamswandkar
54> 1 : 0@gamswandkluft.gamswandkar
55> 1 : 0@gamswandkluft.gamswandkar
#################### end of cavern log file ####################
done
calculating basic statistics ... done
processing extended elevation ... done
processing references ... done
selecting export objects ... done
writing /Users/AchilleTalon/Documents/gamswandkar/outputs/gamswandkar.3d ... done
writing /Users/AchilleTalon/Documents/gamswandkar/outputs/gamswandkar.kml ... done
processing projection plan ... done
average distortion: 0.11%


############### export maps & scraps selection #################
M  1658.45 m-all-p@marco_polo_schacht.gamswandkar ()
S  1658.45  marco_polo_schacht-1p@marco_polo_schacht.gamswandkar ()
########## end of export maps & scraps selection ###############
writing /Users/AchilleTalon/Documents/gamswandkar/outputs/gamswandkar-p.pdf ...
####################### metapost log file ########################
This is MetaPost, version 2.00 (TeX Live 2018) (kpathsea version 6.3.0)  24 JUL 2021 17:52
**data.mp
(/usr/local/texlive/2018/texmf-dist/metapost/base/mpost.mp
(/usr/local/texlive/2018/texmf-dist/metapost/base/plain.mp
Preloading the plain mem file, version 1.005) ) (./data.mp
{randomseed:=42}
 [4001] [4002] [4003] [4004] [4005] [4006] [4007] [4008] [4009] [4010] [4011] [
4012] [4013] [4014]
Warning: patterncolor not supported in Therion [4015]
Warning: patterncolor not supported in Therion [4016]
[Warning: undefined symbol `p_station_natural_AUT']
[Warning: undefined symbol `l_survey_surface_MY']
[Warning: undefined symbol `p_station_natural_MY']
[Warning: undefined symbol `p_station_painted_MY']
[Warning: undefined symbol `p_station_temporary_MY']
[Warning: undefined symbol `l_wall_bedrock_MY']
[Warning: undefined symbol `l_wall_clay_MY']
[Warning: undefined symbol `l_wall_debris_MY']
[Warning: undefined symbol `l_wall_pebbles_MY']
[Warning: undefined symbol `l_wall_presumed_MY']
[Warning: undefined symbol `l_wall_sand_MY']
[Warning: undefined symbol `l_wall_underlying_MY']
[Warning: undefined symbol `l_wall_unsurveyed_MY']
[Warning: undefined symbol `l_wall_pit_MY']
[Warning: undefined symbol `l_wall_overlying_MY']
[Warning: undefined symbol `l_wall_moonmilk_MY']
[Warning: undefined symbol `p_airdraught_summer_MY']
[Warning: undefined symbol `p_airdraught_winter_MY'] [1] [2] [3] [4]
(./mptextmp.mp) (./mptextmp.mp) (./mptextmp.mp) (./mptextmp.mp) (./mptextmp.mp)
(./mptextmp.mp) (./mptextmp.mp) [5] [6] [7] [8] [9] [10] [11] [12] [13] )
 
Here is how much of MetaPost's memory you used:
 3740 strings using 80537 characters
 3734744 bytes of node memory
 1765 symbolic tokens
 8i,81n,11p,312b,5f stack positions out of 16i,96n,12p,312b,6f
29 output files written: data.1 .. data.4016


#################### end of metapost log file ####################
converting scraps ... done
making map ... done
######################## pdftex log file #########################
This is pdfTeX, Version 3.14159265-2.6-1.40.19 (TeX Live 2018) (preloaded format=pdfetex 2018.4.16)  24 JUL 2021 17:52
entering extended mode
 restricted \write18 enabled.
 %&-line parsing enabled.
**data.tex
(./data.tex (./th_enc.tex) (./th_texts.tex) (./th_resources.tex
(/usr/local/texlive/2018/texmf-dist/tex/generic/pdftex/glyphtounicode.tex))
(./th_fontdef.tex{/usr/local/texlive/2018/texmf-var/fonts/map/pdftex/updmap/pdf
tex.map})
(./th_formdef.tex) (./th_pagedef.tex (./th_legend.tex)) (./th_pages.tex)
 61 numeric registers used out of 32768

[1] ) 
Here is how much of TeX's memory you used:
 261 strings out of 494645
 2673 string characters out of 6148133
 26829 words of memory out of 5000000
 1898 multiletter control sequences out of 15000+600000
 21229 words of font info for 66 fonts, out of 8000000 for 9000
 1416 hyphenation exceptions out of 8191
 12i,5n,8p,333b,74s stack positions out of 5000i,500n,10000p,200000b,80000s
</usr/local/texlive/2018/texmf-dist/fonts/type1/public/amsfonts/cm/cmss10.
pfb></usr/local/texlive/2018/texmf-dist/fonts/type1/public/amsfonts/cm/cmssi10.
pfb>
Output written on data.pdf (1 page, 40983 bytes).
PDF statistics:
 58 PDF objects out of 1000 (max. 8388607)
 33 compressed objects within 1 object stream
 0 named destinations out of 1000 (max. 500000)
 127 words of extra memory for PDF output out of 10000 (max. 10000000)


##################### end of pdftex log file #####################
done
writing /Users/AchilleTalon/Documents/gamswandkar/outputs/gamswandar-esri ... .done
compilation time: 6 sec


######################### loop errors ##########################
REL-ERR ABS-ERR TOTAL-L STS X-ERROR Y-ERROR Z-ERROR STATIONS
  3.08%    0.3m    8.4m   4    0.1m    0.1m   -0.2m [0@gurgeltest_hoehle.gamswandkar - 3 - 4 - 5 - 6]
##################### end of loop errors #######################


###################### scrap distortions #######################
 PROJECTION: plan
 AVERAGE  MAXIMAL  SCRAP
   0.11%    1.83%  marco_polo_schacht-1p@marco_polo_schacht.gamswandkar
################### end of scrap distortions ###################
